12 31, 2021 21:03:45 下午 cn.how2j.diytomcat.catalina.Context <init>
INFO : Deploying web application directory F:\WorkSpace\diytomcat\webapps\a
12 31, 2021 21:03:45 下午 cn.how2j.diytomcat.catalina.Context <init>
INFO : Deployment of web application directory F:\WorkSpace\diytomcat\webapps\a has finished in 133 ms
12 31, 2021 21:03:45 下午 cn.how2j.diytomcat.catalina.Context <init>
INFO : Deploying web application directory F:\WorkSpace\diytomcat\webapps\j2ee
12 31, 2021 21:03:45 下午 cn.how2j.diytomcat.catalina.Context <init>
INFO : Deployment of web application directory F:\WorkSpace\diytomcat\webapps\j2ee has finished in 4 ms
12 31, 2021 21:03:45 下午 cn.how2j.diytomcat.catalina.Context <init>
INFO : Deploying web application directory F:\WorkSpace\diytomcat\webapps\ROOT
12 31, 2021 21:03:45 下午 cn.how2j.diytomcat.catalina.Context <init>
INFO : Deployment of web application directory F:\WorkSpace\diytomcat\webapps\ROOT has finished in 1 ms
12 31, 2021 21:03:45 下午 cn.how2j.diytomcat.catalina.Context <init>
INFO : Deploying web application directory d:/project/diytomcat/b
12 31, 2021 21:03:45 下午 cn.how2j.diytomcat.catalina.Context <init>
INFO : Deployment of web application directory d:/project/diytomcat/b has finished in 1 ms
12 31, 2021 21:03:45 下午 cn.how2j.diytomcat.catalina.Context <init>
INFO : Deploying web application directory F:\WorkSpace\javaweb/web
12 31, 2021 21:03:45 下午 cn.how2j.diytomcat.catalina.Context <init>
INFO : Deployment of web application directory F:\WorkSpace\javaweb/web has finished in 67 ms
12 31, 2021 21:03:45 下午 cn.how2j.diytomcat.catalina.Server logJVM
INFO : Server version:		How2J DiyTomcat/1.0.1
12 31, 2021 21:03:45 下午 cn.how2j.diytomcat.catalina.Server logJVM
INFO : Server built:		2020-04-08 10:20:22
12 31, 2021 21:03:45 下午 cn.how2j.diytomcat.catalina.Server logJVM
INFO : Server number:		1.0.1
12 31, 2021 21:03:45 下午 cn.how2j.diytomcat.catalina.Server logJVM
INFO : OS Name	:		Windows 10
12 31, 2021 21:03:45 下午 cn.how2j.diytomcat.catalina.Server logJVM
INFO : OS Version:		10.0
12 31, 2021 21:03:45 下午 cn.how2j.diytomcat.catalina.Server logJVM
INFO : Architecture:		amd64
12 31, 2021 21:03:45 下午 cn.how2j.diytomcat.catalina.Server logJVM
INFO : Java Home:		C:\Program Files\Java\jdk1.8.0_181\jre
12 31, 2021 21:03:45 下午 cn.how2j.diytomcat.catalina.Server logJVM
INFO : JVM Version:		1.8.0_181-b13
12 31, 2021 21:03:45 下午 cn.how2j.diytomcat.catalina.Server logJVM
INFO : JVM Vendor:		Oracle Corporation
12 31, 2021 21:03:45 下午 cn.how2j.diytomcat.catalina.Connector init
INFO : Initializing ProtocolHandler [http-bio-18080]
12 31, 2021 21:03:45 下午 cn.how2j.diytomcat.catalina.Connector init
INFO : Initializing ProtocolHandler [http-bio-18081]
12 31, 2021 21:03:45 下午 cn.how2j.diytomcat.catalina.Connector init
INFO : Initializing ProtocolHandler [http-bio-18082]
12 31, 2021 21:03:45 下午 cn.how2j.diytomcat.catalina.Service init
INFO : Initialization processed in 1 ms
12 31, 2021 21:03:45 下午 cn.how2j.diytomcat.catalina.Connector start
INFO : Starting ProtocolHandler [http-bio-18080]
12 31, 2021 21:03:45 下午 cn.how2j.diytomcat.catalina.Connector start
INFO : Starting ProtocolHandler [http-bio-18081]
12 31, 2021 21:03:45 下午 cn.how2j.diytomcat.catalina.Connector start
INFO : Starting ProtocolHandler [http-bio-18082]
12 31, 2021 21:03:45 下午 cn.how2j.diytomcat.catalina.Server start
INFO : Server startup in 9 ms
12 31, 2021 21:04:10 下午 cn.how2j.diytomcat.catalina.HttpProcessor error
ERROR: this is a deliberately created exception
java.lang.RuntimeException: this is a deliberately created exception
	at cn.how2j.diytomcat.servlets.DefaultServlet.service(DefaultServlet.java:41)
	at cn.how2j.diytomcat.catalina.HttpProcessor.execute(HttpProcessor.java:39)
	at cn.how2j.diytomcat.catalina.Connector$1.run(Connector.java:40)
	at java.util.concurrent.ThreadPoolExecutor.runWorker(ThreadPoolExecutor.java:1149)
	at java.util.concurrent.ThreadPoolExecutor$Worker.run(ThreadPoolExecutor.java:624)
	at java.lang.Thread.run(Thread.java:748)
12 31, 2021 21:04:41 下午 cn.how2j.diytomcat.catalina.Context <init>
INFO : Deploying web application directory F:\WorkSpace\diytomcat\webapps\a
12 31, 2021 21:04:41 下午 cn.how2j.diytomcat.catalina.Context <init>
INFO : Deployment of web application directory F:\WorkSpace\diytomcat\webapps\a has finished in 93 ms
12 31, 2021 21:04:41 下午 cn.how2j.diytomcat.catalina.Context <init>
INFO : Deploying web application directory F:\WorkSpace\diytomcat\webapps\b
12 31, 2021 21:04:41 下午 cn.how2j.diytomcat.catalina.Context <init>
INFO : Deployment of web application directory F:\WorkSpace\diytomcat\webapps\b has finished in 1 ms
12 31, 2021 21:04:41 下午 cn.how2j.diytomcat.catalina.Context <init>
INFO : Deploying web application directory F:\WorkSpace\diytomcat\webapps\j2ee
12 31, 2021 21:04:41 下午 cn.how2j.diytomcat.catalina.Context <init>
INFO : Deployment of web application directory F:\WorkSpace\diytomcat\webapps\j2ee has finished in 4 ms
12 31, 2021 21:04:41 下午 cn.how2j.diytomcat.catalina.Context <init>
INFO : Deploying web application directory F:\WorkSpace\diytomcat\webapps\ROOT
12 31, 2021 21:04:41 下午 cn.how2j.diytomcat.catalina.Context <init>
INFO : Deployment of web application directory F:\WorkSpace\diytomcat\webapps\ROOT has finished in 2 ms
12 31, 2021 21:04:41 下午 cn.how2j.diytomcat.catalina.Context <init>
INFO : Deploying web application directory d:/project/diytomcat/b
12 31, 2021 21:04:41 下午 cn.how2j.diytomcat.catalina.Context <init>
INFO : Deployment of web application directory d:/project/diytomcat/b has finished in 0 ms
12 31, 2021 21:04:41 下午 cn.how2j.diytomcat.catalina.Context <init>
INFO : Deploying web application directory F:\WorkSpace\javaweb/web
12 31, 2021 21:04:41 下午 cn.how2j.diytomcat.catalina.Context <init>
INFO : Deployment of web application directory F:\WorkSpace\javaweb/web has finished in 11 ms
12 31, 2021 21:04:41 下午 cn.how2j.diytomcat.catalina.Server logJVM
INFO : Server version:		How2J DiyTomcat/1.0.1
12 31, 2021 21:04:41 下午 cn.how2j.diytomcat.catalina.Server logJVM
INFO : Server built:		2020-04-08 10:20:22
12 31, 2021 21:04:41 下午 cn.how2j.diytomcat.catalina.Server logJVM
INFO : Server number:		1.0.1
12 31, 2021 21:04:41 下午 cn.how2j.diytomcat.catalina.Server logJVM
INFO : OS Name	:		Windows 10
12 31, 2021 21:04:41 下午 cn.how2j.diytomcat.catalina.Server logJVM
INFO : OS Version:		10.0
12 31, 2021 21:04:41 下午 cn.how2j.diytomcat.catalina.Server logJVM
INFO : Architecture:		amd64
12 31, 2021 21:04:41 下午 cn.how2j.diytomcat.catalina.Server logJVM
INFO : Java Home:		C:\Program Files\Java\jdk1.8.0_181\jre
12 31, 2021 21:04:41 下午 cn.how2j.diytomcat.catalina.Server logJVM
INFO : JVM Version:		1.8.0_181-b13
12 31, 2021 21:04:41 下午 cn.how2j.diytomcat.catalina.Server logJVM
INFO : JVM Vendor:		Oracle Corporation
12 31, 2021 21:04:41 下午 cn.how2j.diytomcat.catalina.Connector init
INFO : Initializing ProtocolHandler [http-bio-18080]
12 31, 2021 21:04:41 下午 cn.how2j.diytomcat.catalina.Connector init
INFO : Initializing ProtocolHandler [http-bio-18081]
12 31, 2021 21:04:41 下午 cn.how2j.diytomcat.catalina.Connector init
INFO : Initializing ProtocolHandler [http-bio-18082]
12 31, 2021 21:04:41 下午 cn.how2j.diytomcat.catalina.Service init
INFO : Initialization processed in 1 ms
12 31, 2021 21:04:41 下午 cn.how2j.diytomcat.catalina.Connector start
INFO : Starting ProtocolHandler [http-bio-18080]
12 31, 2021 21:04:41 下午 cn.how2j.diytomcat.catalina.Connector start
INFO : Starting ProtocolHandler [http-bio-18081]
12 31, 2021 21:04:41 下午 cn.how2j.diytomcat.catalina.Connector start
INFO : Starting ProtocolHandler [http-bio-18082]
12 31, 2021 21:04:41 下午 cn.how2j.diytomcat.catalina.Server start
INFO : Server startup in 8 ms
12 31, 2021 21:04:45 下午 cn.how2j.diytomcat.catalina.HttpProcessor error
ERROR: this is a deliberately created exception
java.lang.RuntimeException: this is a deliberately created exception
	at cn.how2j.diytomcat.servlets.DefaultServlet.service(DefaultServlet.java:41)
	at cn.how2j.diytomcat.catalina.HttpProcessor.execute(HttpProcessor.java:39)
	at cn.how2j.diytomcat.catalina.Connector$1.run(Connector.java:40)
	at java.util.concurrent.ThreadPoolExecutor.runWorker(ThreadPoolExecutor.java:1149)
	at java.util.concurrent.ThreadPoolExecutor$Worker.run(ThreadPoolExecutor.java:624)
	at java.lang.Thread.run(Thread.java:748)
12 31, 2021 21:05:46 下午 cn.how2j.diytomcat.catalina.Context <init>
INFO : Deploying web application directory F:\WorkSpace\diytomcat\webapps\a
12 31, 2021 21:05:46 下午 cn.how2j.diytomcat.catalina.Context <init>
INFO : Deployment of web application directory F:\WorkSpace\diytomcat\webapps\a has finished in 84 ms
12 31, 2021 21:05:46 下午 cn.how2j.diytomcat.catalina.Context <init>
INFO : Deploying web application directory F:\WorkSpace\diytomcat\webapps\b
12 31, 2021 21:05:46 下午 cn.how2j.diytomcat.catalina.Context <init>
INFO : Deployment of web application directory F:\WorkSpace\diytomcat\webapps\b has finished in 1 ms
12 31, 2021 21:05:46 下午 cn.how2j.diytomcat.catalina.Context <init>
INFO : Deploying web application directory F:\WorkSpace\diytomcat\webapps\j2ee
12 31, 2021 21:05:46 下午 cn.how2j.diytomcat.catalina.Context <init>
INFO : Deployment of web application directory F:\WorkSpace\diytomcat\webapps\j2ee has finished in 3 ms
12 31, 2021 21:05:46 下午 cn.how2j.diytomcat.catalina.Context <init>
INFO : Deploying web application directory F:\WorkSpace\diytomcat\webapps\ROOT
12 31, 2021 21:05:46 下午 cn.how2j.diytomcat.catalina.Context <init>
INFO : Deployment of web application directory F:\WorkSpace\diytomcat\webapps\ROOT has finished in 1 ms
12 31, 2021 21:05:46 下午 cn.how2j.diytomcat.catalina.Context <init>
INFO : Deploying web application directory d:/project/diytomcat/b
12 31, 2021 21:05:46 下午 cn.how2j.diytomcat.catalina.Context <init>
INFO : Deployment of web application directory d:/project/diytomcat/b has finished in 1 ms
12 31, 2021 21:05:46 下午 cn.how2j.diytomcat.catalina.Context <init>
INFO : Deploying web application directory F:\WorkSpace\javaweb/web
12 31, 2021 21:05:46 下午 cn.how2j.diytomcat.catalina.Context <init>
INFO : Deployment of web application directory F:\WorkSpace\javaweb/web has finished in 10 ms
12 31, 2021 21:05:46 下午 cn.how2j.diytomcat.catalina.Server logJVM
INFO : Server version:		How2J DiyTomcat/1.0.1
12 31, 2021 21:05:46 下午 cn.how2j.diytomcat.catalina.Server logJVM
INFO : Server built:		2020-04-08 10:20:22
12 31, 2021 21:05:46 下午 cn.how2j.diytomcat.catalina.Server logJVM
INFO : Server number:		1.0.1
12 31, 2021 21:05:46 下午 cn.how2j.diytomcat.catalina.Server logJVM
INFO : OS Name	:		Windows 10
12 31, 2021 21:05:46 下午 cn.how2j.diytomcat.catalina.Server logJVM
INFO : OS Version:		10.0
12 31, 2021 21:05:46 下午 cn.how2j.diytomcat.catalina.Server logJVM
INFO : Architecture:		amd64
12 31, 2021 21:05:46 下午 cn.how2j.diytomcat.catalina.Server logJVM
INFO : Java Home:		C:\Program Files\Java\jdk1.8.0_181\jre
12 31, 2021 21:05:46 下午 cn.how2j.diytomcat.catalina.Server logJVM
INFO : JVM Version:		1.8.0_181-b13
12 31, 2021 21:05:46 下午 cn.how2j.diytomcat.catalina.Server logJVM
INFO : JVM Vendor:		Oracle Corporation
12 31, 2021 21:05:46 下午 cn.how2j.diytomcat.catalina.Connector init
INFO : Initializing ProtocolHandler [http-bio-18080]
12 31, 2021 21:05:46 下午 cn.how2j.diytomcat.catalina.Connector init
INFO : Initializing ProtocolHandler [http-bio-18081]
12 31, 2021 21:05:46 下午 cn.how2j.diytomcat.catalina.Connector init
INFO : Initializing ProtocolHandler [http-bio-18082]
12 31, 2021 21:05:46 下午 cn.how2j.diytomcat.catalina.Service init
INFO : Initialization processed in 1 ms
12 31, 2021 21:05:46 下午 cn.how2j.diytomcat.catalina.Connector start
INFO : Starting ProtocolHandler [http-bio-18080]
12 31, 2021 21:05:46 下午 cn.how2j.diytomcat.catalina.Connector start
INFO : Starting ProtocolHandler [http-bio-18081]
12 31, 2021 21:05:46 下午 cn.how2j.diytomcat.catalina.Connector start
INFO : Starting ProtocolHandler [http-bio-18082]
12 31, 2021 21:05:46 下午 cn.how2j.diytomcat.catalina.Server start
INFO : Server startup in 6 ms
12 31, 2021 21:08:42 下午 cn.how2j.diytomcat.catalina.Context <init>
INFO : Deploying web application directory F:\WorkSpace\diytomcat\webapps\a
12 31, 2021 21:08:42 下午 cn.how2j.diytomcat.catalina.Context <init>
INFO : Deployment of web application directory F:\WorkSpace\diytomcat\webapps\a has finished in 83 ms
12 31, 2021 21:08:42 下午 cn.how2j.diytomcat.catalina.Context <init>
INFO : Deploying web application directory F:\WorkSpace\diytomcat\webapps\b
12 31, 2021 21:08:42 下午 cn.how2j.diytomcat.catalina.Context <init>
INFO : Deployment of web application directory F:\WorkSpace\diytomcat\webapps\b has finished in 1 ms
12 31, 2021 21:08:42 下午 cn.how2j.diytomcat.catalina.Context <init>
INFO : Deploying web application directory F:\WorkSpace\diytomcat\webapps\j2ee
12 31, 2021 21:08:42 下午 cn.how2j.diytomcat.catalina.Context <init>
INFO : Deployment of web application directory F:\WorkSpace\diytomcat\webapps\j2ee has finished in 4 ms
12 31, 2021 21:08:42 下午 cn.how2j.diytomcat.catalina.Context <init>
INFO : Deploying web application directory F:\WorkSpace\diytomcat\webapps\ROOT
12 31, 2021 21:08:42 下午 cn.how2j.diytomcat.catalina.Context <init>
INFO : Deployment of web application directory F:\WorkSpace\diytomcat\webapps\ROOT has finished in 2 ms
12 31, 2021 21:08:42 下午 cn.how2j.diytomcat.catalina.Context <init>
INFO : Deploying web application directory d:/project/diytomcat/b
12 31, 2021 21:08:42 下午 cn.how2j.diytomcat.catalina.Context <init>
INFO : Deployment of web application directory d:/project/diytomcat/b has finished in 1 ms
12 31, 2021 21:08:42 下午 cn.how2j.diytomcat.catalina.Context <init>
INFO : Deploying web application directory F:\WorkSpace\javaweb/web
12 31, 2021 21:08:42 下午 cn.how2j.diytomcat.catalina.Context <init>
INFO : Deployment of web application directory F:\WorkSpace\javaweb/web has finished in 10 ms
12 31, 2021 21:08:42 下午 cn.how2j.diytomcat.catalina.Server logJVM
INFO : Server version:		How2J DiyTomcat/1.0.1
12 31, 2021 21:08:42 下午 cn.how2j.diytomcat.catalina.Server logJVM
INFO : Server built:		2020-04-08 10:20:22
12 31, 2021 21:08:42 下午 cn.how2j.diytomcat.catalina.Server logJVM
INFO : Server number:		1.0.1
12 31, 2021 21:08:42 下午 cn.how2j.diytomcat.catalina.Server logJVM
INFO : OS Name	:		Windows 10
12 31, 2021 21:08:42 下午 cn.how2j.diytomcat.catalina.Server logJVM
INFO : OS Version:		10.0
12 31, 2021 21:08:42 下午 cn.how2j.diytomcat.catalina.Server logJVM
INFO : Architecture:		amd64
12 31, 2021 21:08:42 下午 cn.how2j.diytomcat.catalina.Server logJVM
INFO : Java Home:		C:\Program Files\Java\jdk1.8.0_181\jre
12 31, 2021 21:08:42 下午 cn.how2j.diytomcat.catalina.Server logJVM
INFO : JVM Version:		1.8.0_181-b13
12 31, 2021 21:08:42 下午 cn.how2j.diytomcat.catalina.Server logJVM
INFO : JVM Vendor:		Oracle Corporation
12 31, 2021 21:08:42 下午 cn.how2j.diytomcat.catalina.Connector init
INFO : Initializing ProtocolHandler [http-bio-18080]
12 31, 2021 21:08:42 下午 cn.how2j.diytomcat.catalina.Connector init
INFO : Initializing ProtocolHandler [http-bio-18081]
12 31, 2021 21:08:42 下午 cn.how2j.diytomcat.catalina.Connector init
INFO : Initializing ProtocolHandler [http-bio-18082]
12 31, 2021 21:08:42 下午 cn.how2j.diytomcat.catalina.Service init
INFO : Initialization processed in 1 ms
12 31, 2021 21:08:42 下午 cn.how2j.diytomcat.catalina.Connector start
INFO : Starting ProtocolHandler [http-bio-18080]
12 31, 2021 21:08:42 下午 cn.how2j.diytomcat.catalina.Connector start
INFO : Starting ProtocolHandler [http-bio-18081]
12 31, 2021 21:08:42 下午 cn.how2j.diytomcat.catalina.Connector start
INFO : Starting ProtocolHandler [http-bio-18082]
12 31, 2021 21:08:42 下午 cn.how2j.diytomcat.catalina.Server start
INFO : Server startup in 6 ms
12 31, 2021 21:09:22 下午 cn.how2j.diytomcat.servlets.InvokerServlet service
INFO : 开始处理请求
12 31, 2021 21:09:22 下午 cn.how2j.diytomcat.servlets.InvokerServlet service
INFO : Context{path='/javaweb', docBase='F:\WorkSpace\javaweb/web', contextWebXmlFile=F:\WorkSpace\javaweb\web\WEB-INF\web.xml, url_servletClassName={/param=cn.how2j.javaweb.ParamServlet, /header=cn.how2j.javaweb.HeaderServlet, /hello=cn.how2j.javaweb.HelloServlet, /setCookie=cn.how2j.javaweb.SetCookieServlet}, url_ServletName={/param=ParamServlet, /header=HeaderServlet, /hello=HelloServlet, /setCookie=SetCookieServlet}, servletName_className={ParamServlet=cn.how2j.javaweb.ParamServlet, HeaderServlet=cn.how2j.javaweb.HeaderServlet, SetCookieServlet=cn.how2j.javaweb.SetCookieServlet, HelloServlet=cn.how2j.javaweb.HelloServlet}, className_servletName={cn.how2j.javaweb.HeaderServlet=HeaderServlet, cn.how2j.javaweb.HelloServlet=HelloServlet, cn.how2j.javaweb.SetCookieServlet=SetCookieServlet, cn.how2j.javaweb.ParamServlet=ParamServlet}, servlet_className_init_params={cn.how2j.javaweb.HelloServlet={site=http://how2j.cn(servlet), author=how2j(servlet)}}, loadOnStartupServletClassNames=[cn.how2j.javaweb.HelloServlet], webappClassLoader=cn.how2j.diytomcat.classloader.WebappClassLoader@57829d67, host=cn.how2j.diytomcat.catalina.Host@2acffc5b, reloadable=true, contextFileChangeWatcher=cn.how2j.diytomcat.watcher.ContextFileChangeWatcher@6fcd6766, servletContext=cn.how2j.diytomcat.http.ApplicationContext@73df3b7b, servletPool={class cn.how2j.javaweb.HelloServlet=cn.how2j.javaweb.HelloServlet@67b64c45}}
12 31, 2021 21:09:22 下午 cn.how2j.diytomcat.servlets.InvokerServlet service
INFO : 开始处理请求
12 31, 2021 21:09:22 下午 cn.how2j.diytomcat.servlets.InvokerServlet service
INFO : Context{path='/javaweb', docBase='F:\WorkSpace\javaweb/web', contextWebXmlFile=F:\WorkSpace\javaweb\web\WEB-INF\web.xml, url_servletClassName={/param=cn.how2j.javaweb.ParamServlet, /header=cn.how2j.javaweb.HeaderServlet, /hello=cn.how2j.javaweb.HelloServlet, /setCookie=cn.how2j.javaweb.SetCookieServlet}, url_ServletName={/param=ParamServlet, /header=HeaderServlet, /hello=HelloServlet, /setCookie=SetCookieServlet}, servletName_className={ParamServlet=cn.how2j.javaweb.ParamServlet, HeaderServlet=cn.how2j.javaweb.HeaderServlet, SetCookieServlet=cn.how2j.javaweb.SetCookieServlet, HelloServlet=cn.how2j.javaweb.HelloServlet}, className_servletName={cn.how2j.javaweb.HeaderServlet=HeaderServlet, cn.how2j.javaweb.HelloServlet=HelloServlet, cn.how2j.javaweb.SetCookieServlet=SetCookieServlet, cn.how2j.javaweb.ParamServlet=ParamServlet}, servlet_className_init_params={cn.how2j.javaweb.HelloServlet={site=http://how2j.cn(servlet), author=how2j(servlet)}}, loadOnStartupServletClassNames=[cn.how2j.javaweb.HelloServlet], webappClassLoader=cn.how2j.diytomcat.classloader.WebappClassLoader@57829d67, host=cn.how2j.diytomcat.catalina.Host@2acffc5b, reloadable=true, contextFileChangeWatcher=cn.how2j.diytomcat.watcher.ContextFileChangeWatcher@6fcd6766, servletContext=cn.how2j.diytomcat.http.ApplicationContext@73df3b7b, servletPool={class cn.how2j.javaweb.HelloServlet=cn.how2j.javaweb.HelloServlet@67b64c45}}
12 31, 2021 21:09:23 下午 cn.how2j.diytomcat.servlets.InvokerServlet service
INFO : 开始处理请求
12 31, 2021 21:09:23 下午 cn.how2j.diytomcat.servlets.InvokerServlet service
INFO : Context{path='/javaweb', docBase='F:\WorkSpace\javaweb/web', contextWebXmlFile=F:\WorkSpace\javaweb\web\WEB-INF\web.xml, url_servletClassName={/param=cn.how2j.javaweb.ParamServlet, /header=cn.how2j.javaweb.HeaderServlet, /hello=cn.how2j.javaweb.HelloServlet, /setCookie=cn.how2j.javaweb.SetCookieServlet}, url_ServletName={/param=ParamServlet, /header=HeaderServlet, /hello=HelloServlet, /setCookie=SetCookieServlet}, servletName_className={ParamServlet=cn.how2j.javaweb.ParamServlet, HeaderServlet=cn.how2j.javaweb.HeaderServlet, SetCookieServlet=cn.how2j.javaweb.SetCookieServlet, HelloServlet=cn.how2j.javaweb.HelloServlet}, className_servletName={cn.how2j.javaweb.HeaderServlet=HeaderServlet, cn.how2j.javaweb.HelloServlet=HelloServlet, cn.how2j.javaweb.SetCookieServlet=SetCookieServlet, cn.how2j.javaweb.ParamServlet=ParamServlet}, servlet_className_init_params={cn.how2j.javaweb.HelloServlet={site=http://how2j.cn(servlet), author=how2j(servlet)}}, loadOnStartupServletClassNames=[cn.how2j.javaweb.HelloServlet], webappClassLoader=cn.how2j.diytomcat.classloader.WebappClassLoader@57829d67, host=cn.how2j.diytomcat.catalina.Host@2acffc5b, reloadable=true, contextFileChangeWatcher=cn.how2j.diytomcat.watcher.ContextFileChangeWatcher@6fcd6766, servletContext=cn.how2j.diytomcat.http.ApplicationContext@73df3b7b, servletPool={class cn.how2j.javaweb.HelloServlet=cn.how2j.javaweb.HelloServlet@67b64c45}}
12 31, 2021 21:09:23 下午 cn.how2j.diytomcat.servlets.InvokerServlet service
INFO : 开始处理请求
12 31, 2021 21:09:23 下午 cn.how2j.diytomcat.servlets.InvokerServlet service
INFO : Context{path='/javaweb', docBase='F:\WorkSpace\javaweb/web', contextWebXmlFile=F:\WorkSpace\javaweb\web\WEB-INF\web.xml, url_servletClassName={/param=cn.how2j.javaweb.ParamServlet, /header=cn.how2j.javaweb.HeaderServlet, /hello=cn.how2j.javaweb.HelloServlet, /setCookie=cn.how2j.javaweb.SetCookieServlet}, url_ServletName={/param=ParamServlet, /header=HeaderServlet, /hello=HelloServlet, /setCookie=SetCookieServlet}, servletName_className={ParamServlet=cn.how2j.javaweb.ParamServlet, HeaderServlet=cn.how2j.javaweb.HeaderServlet, SetCookieServlet=cn.how2j.javaweb.SetCookieServlet, HelloServlet=cn.how2j.javaweb.HelloServlet}, className_servletName={cn.how2j.javaweb.HeaderServlet=HeaderServlet, cn.how2j.javaweb.HelloServlet=HelloServlet, cn.how2j.javaweb.SetCookieServlet=SetCookieServlet, cn.how2j.javaweb.ParamServlet=ParamServlet}, servlet_className_init_params={cn.how2j.javaweb.HelloServlet={site=http://how2j.cn(servlet), author=how2j(servlet)}}, loadOnStartupServletClassNames=[cn.how2j.javaweb.HelloServlet], webappClassLoader=cn.how2j.diytomcat.classloader.WebappClassLoader@57829d67, host=cn.how2j.diytomcat.catalina.Host@2acffc5b, reloadable=true, contextFileChangeWatcher=cn.how2j.diytomcat.watcher.ContextFileChangeWatcher@6fcd6766, servletContext=cn.how2j.diytomcat.http.ApplicationContext@73df3b7b, servletPool={class cn.how2j.javaweb.HelloServlet=cn.how2j.javaweb.HelloServlet@67b64c45}}
12 31, 2021 21:09:23 下午 cn.how2j.diytomcat.servlets.InvokerServlet service
INFO : 开始处理请求
12 31, 2021 21:09:23 下午 cn.how2j.diytomcat.servlets.InvokerServlet service
INFO : Context{path='/javaweb', docBase='F:\WorkSpace\javaweb/web', contextWebXmlFile=F:\WorkSpace\javaweb\web\WEB-INF\web.xml, url_servletClassName={/param=cn.how2j.javaweb.ParamServlet, /header=cn.how2j.javaweb.HeaderServlet, /hello=cn.how2j.javaweb.HelloServlet, /setCookie=cn.how2j.javaweb.SetCookieServlet}, url_ServletName={/param=ParamServlet, /header=HeaderServlet, /hello=HelloServlet, /setCookie=SetCookieServlet}, servletName_className={ParamServlet=cn.how2j.javaweb.ParamServlet, HeaderServlet=cn.how2j.javaweb.HeaderServlet, SetCookieServlet=cn.how2j.javaweb.SetCookieServlet, HelloServlet=cn.how2j.javaweb.HelloServlet}, className_servletName={cn.how2j.javaweb.HeaderServlet=HeaderServlet, cn.how2j.javaweb.HelloServlet=HelloServlet, cn.how2j.javaweb.SetCookieServlet=SetCookieServlet, cn.how2j.javaweb.ParamServlet=ParamServlet}, servlet_className_init_params={cn.how2j.javaweb.HelloServlet={site=http://how2j.cn(servlet), author=how2j(servlet)}}, loadOnStartupServletClassNames=[cn.how2j.javaweb.HelloServlet], webappClassLoader=cn.how2j.diytomcat.classloader.WebappClassLoader@57829d67, host=cn.how2j.diytomcat.catalina.Host@2acffc5b, reloadable=true, contextFileChangeWatcher=cn.how2j.diytomcat.watcher.ContextFileChangeWatcher@6fcd6766, servletContext=cn.how2j.diytomcat.http.ApplicationContext@73df3b7b, servletPool={class cn.how2j.javaweb.HelloServlet=cn.how2j.javaweb.HelloServlet@67b64c45, class cn.how2j.javaweb.ParamServlet=cn.how2j.javaweb.ParamServlet@4875ae26}}
12 31, 2021 21:09:23 下午 cn.how2j.diytomcat.servlets.InvokerServlet service
INFO : 开始处理请求
12 31, 2021 21:09:23 下午 cn.how2j.diytomcat.servlets.InvokerServlet service
INFO : Context{path='/j2ee', docBase='F:\WorkSpace\diytomcat\webapps\j2ee', contextWebXmlFile=F:\WorkSpace\diytomcat\webapps\j2ee\WEB-INF\web.xml, url_servletClassName={/hello=cn.how2j.diytomcat.webappservlet.HelloServlet}, url_ServletName={/hello=HelloServlet}, servletName_className={HelloServlet=cn.how2j.diytomcat.webappservlet.HelloServlet}, className_servletName={cn.how2j.diytomcat.webappservlet.HelloServlet=HelloServlet}, servlet_className_init_params={}, loadOnStartupServletClassNames=[], webappClassLoader=cn.how2j.diytomcat.classloader.WebappClassLoader@4fb861f9, host=cn.how2j.diytomcat.catalina.Host@2acffc5b, reloadable=true, contextFileChangeWatcher=cn.how2j.diytomcat.watcher.ContextFileChangeWatcher@417f867e, servletContext=cn.how2j.diytomcat.http.ApplicationContext@45400a89, servletPool={}}
12 31, 2021 21:09:23 下午 cn.how2j.diytomcat.catalina.HttpProcessor error
ERROR: this is a deliberately created exception
java.lang.RuntimeException: this is a deliberately created exception
	at cn.how2j.diytomcat.servlets.DefaultServlet.service(DefaultServlet.java:41)
	at cn.how2j.diytomcat.catalina.HttpProcessor.execute(HttpProcessor.java:39)
	at cn.how2j.diytomcat.catalina.Connector$1.run(Connector.java:40)
	at java.util.concurrent.ThreadPoolExecutor.runWorker(ThreadPoolExecutor.java:1149)
	at java.util.concurrent.ThreadPoolExecutor$Worker.run(ThreadPoolExecutor.java:624)
	at java.lang.Thread.run(Thread.java:748)
12 31, 2021 21:09:23 下午 cn.how2j.diytomcat.servlets.InvokerServlet service
INFO : 开始处理请求
12 31, 2021 21:09:23 下午 cn.how2j.diytomcat.servlets.InvokerServlet service
INFO : Context{path='/javaweb', docBase='F:\WorkSpace\javaweb/web', contextWebXmlFile=F:\WorkSpace\javaweb\web\WEB-INF\web.xml, url_servletClassName={/param=cn.how2j.javaweb.ParamServlet, /header=cn.how2j.javaweb.HeaderServlet, /hello=cn.how2j.javaweb.HelloServlet, /setCookie=cn.how2j.javaweb.SetCookieServlet}, url_ServletName={/param=ParamServlet, /header=HeaderServlet, /hello=HelloServlet, /setCookie=SetCookieServlet}, servletName_className={ParamServlet=cn.how2j.javaweb.ParamServlet, HeaderServlet=cn.how2j.javaweb.HeaderServlet, SetCookieServlet=cn.how2j.javaweb.SetCookieServlet, HelloServlet=cn.how2j.javaweb.HelloServlet}, className_servletName={cn.how2j.javaweb.HeaderServlet=HeaderServlet, cn.how2j.javaweb.HelloServlet=HelloServlet, cn.how2j.javaweb.SetCookieServlet=SetCookieServlet, cn.how2j.javaweb.ParamServlet=ParamServlet}, servlet_className_init_params={cn.how2j.javaweb.HelloServlet={site=http://how2j.cn(servlet), author=how2j(servlet)}}, loadOnStartupServletClassNames=[cn.how2j.javaweb.HelloServlet], webappClassLoader=cn.how2j.diytomcat.classloader.WebappClassLoader@57829d67, host=cn.how2j.diytomcat.catalina.Host@2acffc5b, reloadable=true, contextFileChangeWatcher=cn.how2j.diytomcat.watcher.ContextFileChangeWatcher@6fcd6766, servletContext=cn.how2j.diytomcat.http.ApplicationContext@73df3b7b, servletPool={class cn.how2j.javaweb.HelloServlet=cn.how2j.javaweb.HelloServlet@67b64c45, class cn.how2j.javaweb.ParamServlet=cn.how2j.javaweb.ParamServlet@4875ae26}}
12 31, 2021 21:09:53 下午 cn.how2j.diytomcat.servlets.InvokerServlet service
INFO : 开始处理请求
12 31, 2021 21:09:53 下午 cn.how2j.diytomcat.servlets.InvokerServlet service
INFO : Context{path='/j2ee', docBase='F:\WorkSpace\diytomcat\webapps\j2ee', contextWebXmlFile=F:\WorkSpace\diytomcat\webapps\j2ee\WEB-INF\web.xml, url_servletClassName={/hello=cn.how2j.diytomcat.webappservlet.HelloServlet}, url_ServletName={/hello=HelloServlet}, servletName_className={HelloServlet=cn.how2j.diytomcat.webappservlet.HelloServlet}, className_servletName={cn.how2j.diytomcat.webappservlet.HelloServlet=HelloServlet}, servlet_className_init_params={}, loadOnStartupServletClassNames=[], webappClassLoader=cn.how2j.diytomcat.classloader.WebappClassLoader@4fb861f9, host=cn.how2j.diytomcat.catalina.Host@2acffc5b, reloadable=true, contextFileChangeWatcher=cn.how2j.diytomcat.watcher.ContextFileChangeWatcher@417f867e, servletContext=cn.how2j.diytomcat.http.ApplicationContext@45400a89, servletPool={class cn.how2j.diytomcat.webappservlet.HelloServlet=cn.how2j.diytomcat.webappservlet.HelloServlet@7f2d3e4c}}
12 31, 2021 21:11:02 下午 cn.how2j.diytomcat.catalina.Context <init>
INFO : Deploying web application directory F:\WorkSpace\diytomcat\webapps\a
12 31, 2021 21:11:02 下午 cn.how2j.diytomcat.catalina.Context <init>
INFO : Deployment of web application directory F:\WorkSpace\diytomcat\webapps\a has finished in 87 ms
12 31, 2021 21:11:02 下午 cn.how2j.diytomcat.catalina.Context <init>
INFO : Deploying web application directory F:\WorkSpace\diytomcat\webapps\b
12 31, 2021 21:11:02 下午 cn.how2j.diytomcat.catalina.Context <init>
INFO : Deployment of web application directory F:\WorkSpace\diytomcat\webapps\b has finished in 1 ms
12 31, 2021 21:11:02 下午 cn.how2j.diytomcat.catalina.Context <init>
INFO : Deploying web application directory F:\WorkSpace\diytomcat\webapps\j2ee
12 31, 2021 21:11:02 下午 cn.how2j.diytomcat.catalina.Context <init>
INFO : Deployment of web application directory F:\WorkSpace\diytomcat\webapps\j2ee has finished in 3 ms
12 31, 2021 21:11:02 下午 cn.how2j.diytomcat.catalina.Context <init>
INFO : Deploying web application directory F:\WorkSpace\diytomcat\webapps\ROOT
12 31, 2021 21:11:02 下午 cn.how2j.diytomcat.catalina.Context <init>
INFO : Deployment of web application directory F:\WorkSpace\diytomcat\webapps\ROOT has finished in 1 ms
12 31, 2021 21:11:02 下午 cn.how2j.diytomcat.catalina.Context <init>
INFO : Deploying web application directory d:/project/diytomcat/b
12 31, 2021 21:11:02 下午 cn.how2j.diytomcat.catalina.Context <init>
INFO : Deployment of web application directory d:/project/diytomcat/b has finished in 1 ms
12 31, 2021 21:11:02 下午 cn.how2j.diytomcat.catalina.Context <init>
INFO : Deploying web application directory F:\WorkSpace\javaweb/web
12 31, 2021 21:11:02 下午 cn.how2j.diytomcat.catalina.Context <init>
INFO : Deployment of web application directory F:\WorkSpace\javaweb/web has finished in 10 ms
12 31, 2021 21:11:02 下午 cn.how2j.diytomcat.catalina.Server logJVM
INFO : Server version:		How2J DiyTomcat/1.0.1
12 31, 2021 21:11:02 下午 cn.how2j.diytomcat.catalina.Server logJVM
INFO : Server built:		2020-04-08 10:20:22
12 31, 2021 21:11:02 下午 cn.how2j.diytomcat.catalina.Server logJVM
INFO : Server number:		1.0.1
12 31, 2021 21:11:02 下午 cn.how2j.diytomcat.catalina.Server logJVM
INFO : OS Name	:		Windows 10
12 31, 2021 21:11:02 下午 cn.how2j.diytomcat.catalina.Server logJVM
INFO : OS Version:		10.0
12 31, 2021 21:11:02 下午 cn.how2j.diytomcat.catalina.Server logJVM
INFO : Architecture:		amd64
12 31, 2021 21:11:02 下午 cn.how2j.diytomcat.catalina.Server logJVM
INFO : Java Home:		C:\Program Files\Java\jdk1.8.0_181\jre
12 31, 2021 21:11:02 下午 cn.how2j.diytomcat.catalina.Server logJVM
INFO : JVM Version:		1.8.0_181-b13
12 31, 2021 21:11:02 下午 cn.how2j.diytomcat.catalina.Server logJVM
INFO : JVM Vendor:		Oracle Corporation
12 31, 2021 21:11:02 下午 cn.how2j.diytomcat.catalina.Connector init
INFO : Initializing ProtocolHandler [http-bio-18080]
12 31, 2021 21:11:02 下午 cn.how2j.diytomcat.catalina.Connector init
INFO : Initializing ProtocolHandler [http-bio-18081]
12 31, 2021 21:11:02 下午 cn.how2j.diytomcat.catalina.Connector init
INFO : Initializing ProtocolHandler [http-bio-18082]
12 31, 2021 21:11:02 下午 cn.how2j.diytomcat.catalina.Service init
INFO : Initialization processed in 1 ms
12 31, 2021 21:11:02 下午 cn.how2j.diytomcat.catalina.Connector start
INFO : Starting ProtocolHandler [http-bio-18080]
12 31, 2021 21:11:02 下午 cn.how2j.diytomcat.catalina.Connector start
INFO : Starting ProtocolHandler [http-bio-18081]
12 31, 2021 21:11:02 下午 cn.how2j.diytomcat.catalina.Connector start
INFO : Starting ProtocolHandler [http-bio-18082]
12 31, 2021 21:11:02 下午 cn.how2j.diytomcat.catalina.Server start
INFO : Server startup in 8 ms
12 31, 2021 21:11:08 下午 cn.how2j.diytomcat.catalina.HttpProcessor execute
INFO : 开始处理请求
12 31, 2021 21:11:08 下午 cn.how2j.diytomcat.catalina.HttpProcessor execute
INFO : 开始处理请求
12 31, 2021 21:11:08 下午 cn.how2j.diytomcat.catalina.HttpProcessor execute
INFO : Context{path='/b', docBase='d:/project/diytomcat/b', contextWebXmlFile=d:\project\diytomcat\b\WEB-INF\web.xml, url_servletClassName={}, url_ServletName={}, servletName_className={}, className_servletName={}, servlet_className_init_params={}, loadOnStartupServletClassNames=[], webappClassLoader=cn.how2j.diytomcat.classloader.WebappClassLoader@30a0078e, host=cn.how2j.diytomcat.catalina.Host@e604d7f, reloadable=false, contextFileChangeWatcher=null, servletContext=cn.how2j.diytomcat.http.ApplicationContext@48bf04a8, servletPool={}}
12 31, 2021 21:11:22 下午 cn.how2j.diytomcat.catalina.HttpProcessor execute
INFO : 开始处理请求
12 31, 2021 21:11:22 下午 cn.how2j.diytomcat.catalina.HttpProcessor execute
INFO : 开始处理请求
12 31, 2021 21:11:22 下午 cn.how2j.diytomcat.catalina.HttpProcessor execute
INFO : Context{path='/b', docBase='d:/project/diytomcat/b', contextWebXmlFile=d:\project\diytomcat\b\WEB-INF\web.xml, url_servletClassName={}, url_ServletName={}, servletName_className={}, className_servletName={}, servlet_className_init_params={}, loadOnStartupServletClassNames=[], webappClassLoader=cn.how2j.diytomcat.classloader.WebappClassLoader@30a0078e, host=cn.how2j.diytomcat.catalina.Host@e604d7f, reloadable=false, contextFileChangeWatcher=null, servletContext=cn.how2j.diytomcat.http.ApplicationContext@48bf04a8, servletPool={}}
12 31, 2021 21:14:02 下午 cn.how2j.diytomcat.catalina.Context <init>
INFO : Deploying web application directory F:\WorkSpace\diytomcat\webapps\a
12 31, 2021 21:14:02 下午 cn.how2j.diytomcat.catalina.Context <init>
INFO : Deployment of web application directory F:\WorkSpace\diytomcat\webapps\a has finished in 92 ms
12 31, 2021 21:14:02 下午 cn.how2j.diytomcat.catalina.Context <init>
INFO : Deploying web application directory F:\WorkSpace\diytomcat\webapps\b
12 31, 2021 21:14:02 下午 cn.how2j.diytomcat.catalina.Context <init>
INFO : Deployment of web application directory F:\WorkSpace\diytomcat\webapps\b has finished in 1 ms
12 31, 2021 21:14:02 下午 cn.how2j.diytomcat.catalina.Context <init>
INFO : Deploying web application directory F:\WorkSpace\diytomcat\webapps\j2ee
12 31, 2021 21:14:02 下午 cn.how2j.diytomcat.catalina.Context <init>
INFO : Deployment of web application directory F:\WorkSpace\diytomcat\webapps\j2ee has finished in 4 ms
12 31, 2021 21:14:02 下午 cn.how2j.diytomcat.catalina.Context <init>
INFO : Deploying web application directory F:\WorkSpace\diytomcat\webapps\ROOT
12 31, 2021 21:14:02 下午 cn.how2j.diytomcat.catalina.Context <init>
INFO : Deployment of web application directory F:\WorkSpace\diytomcat\webapps\ROOT has finished in 2 ms
12 31, 2021 21:14:02 下午 cn.how2j.diytomcat.catalina.Context <init>
INFO : Deploying web application directory d:/project/diytomcat/b
12 31, 2021 21:14:02 下午 cn.how2j.diytomcat.catalina.Context <init>
INFO : Deployment of web application directory d:/project/diytomcat/b has finished in 1 ms
12 31, 2021 21:14:02 下午 cn.how2j.diytomcat.catalina.Context <init>
INFO : Deploying web application directory F:\WorkSpace\javaweb/web
12 31, 2021 21:14:02 下午 cn.how2j.diytomcat.catalina.Context <init>
INFO : Deployment of web application directory F:\WorkSpace\javaweb/web has finished in 10 ms
12 31, 2021 21:14:02 下午 cn.how2j.diytomcat.catalina.Server logJVM
INFO : Server version:		How2J DiyTomcat/1.0.1
12 31, 2021 21:14:02 下午 cn.how2j.diytomcat.catalina.Server logJVM
INFO : Server built:		2020-04-08 10:20:22
12 31, 2021 21:14:02 下午 cn.how2j.diytomcat.catalina.Server logJVM
INFO : Server number:		1.0.1
12 31, 2021 21:14:02 下午 cn.how2j.diytomcat.catalina.Server logJVM
INFO : OS Name	:		Windows 10
12 31, 2021 21:14:02 下午 cn.how2j.diytomcat.catalina.Server logJVM
INFO : OS Version:		10.0
12 31, 2021 21:14:02 下午 cn.how2j.diytomcat.catalina.Server logJVM
INFO : Architecture:		amd64
12 31, 2021 21:14:02 下午 cn.how2j.diytomcat.catalina.Server logJVM
INFO : Java Home:		C:\Program Files\Java\jdk1.8.0_181\jre
12 31, 2021 21:14:02 下午 cn.how2j.diytomcat.catalina.Server logJVM
INFO : JVM Version:		1.8.0_181-b13
12 31, 2021 21:14:02 下午 cn.how2j.diytomcat.catalina.Server logJVM
INFO : JVM Vendor:		Oracle Corporation
12 31, 2021 21:14:02 下午 cn.how2j.diytomcat.catalina.Connector init
INFO : Initializing ProtocolHandler [http-bio-18080]
12 31, 2021 21:14:02 下午 cn.how2j.diytomcat.catalina.Connector init
INFO : Initializing ProtocolHandler [http-bio-18081]
12 31, 2021 21:14:02 下午 cn.how2j.diytomcat.catalina.Connector init
INFO : Initializing ProtocolHandler [http-bio-18082]
12 31, 2021 21:14:02 下午 cn.how2j.diytomcat.catalina.Service init
INFO : Initialization processed in 1 ms
12 31, 2021 21:14:02 下午 cn.how2j.diytomcat.catalina.Connector start
INFO : Starting ProtocolHandler [http-bio-18080]
12 31, 2021 21:14:02 下午 cn.how2j.diytomcat.catalina.Connector start
INFO : Starting ProtocolHandler [http-bio-18081]
12 31, 2021 21:14:02 下午 cn.how2j.diytomcat.catalina.Connector start
INFO : Starting ProtocolHandler [http-bio-18082]
12 31, 2021 21:14:02 下午 cn.how2j.diytomcat.catalina.Server start
INFO : Server startup in 7 ms
12 31, 2021 21:14:05 下午 cn.how2j.diytomcat.catalina.HttpProcessor execute
INFO : 开始处理请求
12 31, 2021 21:14:05 下午 cn.how2j.diytomcat.catalina.HttpProcessor execute
INFO : 开始处理请求
12 31, 2021 21:14:05 下午 cn.how2j.diytomcat.catalina.HttpProcessor execute
INFO : Context{path='/b', docBase='d:/project/diytomcat/b', contextWebXmlFile=d:\project\diytomcat\b\WEB-INF\web.xml, url_servletClassName={}, url_ServletName={}, servletName_className={}, className_servletName={}, servlet_className_init_params={}, loadOnStartupServletClassNames=[], webappClassLoader=cn.how2j.diytomcat.classloader.WebappClassLoader@122d4497, host=cn.how2j.diytomcat.catalina.Host@2ec4bc53, reloadable=false, contextFileChangeWatcher=null, servletContext=cn.how2j.diytomcat.http.ApplicationContext@6a12e360, servletPool={}}
12 31, 2021 21:14:05 下午 cn.how2j.diytomcat.servlets.DefaultServlet service
INFO : 解析到了目标文件d:\project\diytomcat\b\index.html
12 31, 2021 21:15:00 下午 cn.how2j.diytomcat.catalina.Context <init>
INFO : Deploying web application directory F:\WorkSpace\diytomcat\webapps\a
12 31, 2021 21:15:00 下午 cn.how2j.diytomcat.catalina.Context <init>
INFO : Deployment of web application directory F:\WorkSpace\diytomcat\webapps\a has finished in 91 ms
12 31, 2021 21:15:00 下午 cn.how2j.diytomcat.catalina.Context <init>
INFO : Deploying web application directory F:\WorkSpace\diytomcat\webapps\j2ee
12 31, 2021 21:15:00 下午 cn.how2j.diytomcat.catalina.Context <init>
INFO : Deployment of web application directory F:\WorkSpace\diytomcat\webapps\j2ee has finished in 3 ms
12 31, 2021 21:15:00 下午 cn.how2j.diytomcat.catalina.Context <init>
INFO : Deploying web application directory F:\WorkSpace\diytomcat\webapps\ROOT
12 31, 2021 21:15:00 下午 cn.how2j.diytomcat.catalina.Context <init>
INFO : Deployment of web application directory F:\WorkSpace\diytomcat\webapps\ROOT has finished in 0 ms
12 31, 2021 21:15:00 下午 cn.how2j.diytomcat.catalina.Context <init>
INFO : Deploying web application directory F:\WorkSpace\diytomcat\b
12 31, 2021 21:15:00 下午 cn.how2j.diytomcat.catalina.Context <init>
INFO : Deployment of web application directory F:\WorkSpace\diytomcat\b has finished in 1 ms
12 31, 2021 21:15:00 下午 cn.how2j.diytomcat.catalina.Context <init>
INFO : Deploying web application directory F:\WorkSpace\javaweb/web
12 31, 2021 21:15:00 下午 cn.how2j.diytomcat.catalina.Context <init>
INFO : Deployment of web application directory F:\WorkSpace\javaweb/web has finished in 9 ms
12 31, 2021 21:15:00 下午 cn.how2j.diytomcat.catalina.Server logJVM
INFO : Server version:		How2J DiyTomcat/1.0.1
12 31, 2021 21:15:00 下午 cn.how2j.diytomcat.catalina.Server logJVM
INFO : Server built:		2020-04-08 10:20:22
12 31, 2021 21:15:00 下午 cn.how2j.diytomcat.catalina.Server logJVM
INFO : Server number:		1.0.1
12 31, 2021 21:15:00 下午 cn.how2j.diytomcat.catalina.Server logJVM
INFO : OS Name	:		Windows 10
12 31, 2021 21:15:00 下午 cn.how2j.diytomcat.catalina.Server logJVM
INFO : OS Version:		10.0
12 31, 2021 21:15:00 下午 cn.how2j.diytomcat.catalina.Server logJVM
INFO : Architecture:		amd64
12 31, 2021 21:15:00 下午 cn.how2j.diytomcat.catalina.Server logJVM
INFO : Java Home:		C:\Program Files\Java\jdk1.8.0_181\jre
12 31, 2021 21:15:00 下午 cn.how2j.diytomcat.catalina.Server logJVM
INFO : JVM Version:		1.8.0_181-b13
12 31, 2021 21:15:00 下午 cn.how2j.diytomcat.catalina.Server logJVM
INFO : JVM Vendor:		Oracle Corporation
12 31, 2021 21:15:00 下午 cn.how2j.diytomcat.catalina.Connector init
INFO : Initializing ProtocolHandler [http-bio-18080]
12 31, 2021 21:15:00 下午 cn.how2j.diytomcat.catalina.Connector init
INFO : Initializing ProtocolHandler [http-bio-18081]
12 31, 2021 21:15:00 下午 cn.how2j.diytomcat.catalina.Connector init
INFO : Initializing ProtocolHandler [http-bio-18082]
12 31, 2021 21:15:00 下午 cn.how2j.diytomcat.catalina.Service init
INFO : Initialization processed in 1 ms
12 31, 2021 21:15:00 下午 cn.how2j.diytomcat.catalina.Connector start
INFO : Starting ProtocolHandler [http-bio-18080]
12 31, 2021 21:15:00 下午 cn.how2j.diytomcat.catalina.Connector start
INFO : Starting ProtocolHandler [http-bio-18081]
12 31, 2021 21:15:00 下午 cn.how2j.diytomcat.catalina.Connector start
INFO : Starting ProtocolHandler [http-bio-18082]
12 31, 2021 21:15:00 下午 cn.how2j.diytomcat.catalina.Server start
INFO : Server startup in 6 ms
12 31, 2021 21:15:02 下午 cn.how2j.diytomcat.catalina.HttpProcessor execute
INFO : 开始处理请求
12 31, 2021 21:15:02 下午 cn.how2j.diytomcat.catalina.HttpProcessor execute
INFO : 开始处理请求
12 31, 2021 21:15:02 下午 cn.how2j.diytomcat.catalina.HttpProcessor execute
INFO : Context{path='/b', docBase='F:\WorkSpace\diytomcat\b', contextWebXmlFile=F:\WorkSpace\diytomcat\b\WEB-INF\web.xml, url_servletClassName={}, url_ServletName={}, servletName_className={}, className_servletName={}, servlet_className_init_params={}, loadOnStartupServletClassNames=[], webappClassLoader=cn.how2j.diytomcat.classloader.WebappClassLoader@122d4497, host=cn.how2j.diytomcat.catalina.Host@2ec4bc53, reloadable=false, contextFileChangeWatcher=null, servletContext=cn.how2j.diytomcat.http.ApplicationContext@6a12e360, servletPool={}}
12 31, 2021 21:15:02 下午 cn.how2j.diytomcat.servlets.DefaultServlet service
INFO : 解析到了目标文件F:\WorkSpace\diytomcat\b\index.html
12 31, 2021 21:15:07 下午 cn.how2j.diytomcat.catalina.HttpProcessor execute
INFO : 开始处理请求
12 31, 2021 21:15:07 下午 cn.how2j.diytomcat.catalina.HttpProcessor execute
INFO : 开始处理请求
12 31, 2021 21:15:07 下午 cn.how2j.diytomcat.catalina.HttpProcessor execute
INFO : Context{path='/', docBase='F:\WorkSpace\diytomcat\webapps\ROOT', contextWebXmlFile=F:\WorkSpace\diytomcat\webapps\ROOT\WEB-INF\web.xml, url_servletClassName={}, url_ServletName={}, servletName_className={}, className_servletName={}, servlet_className_init_params={}, loadOnStartupServletClassNames=[], webappClassLoader=cn.how2j.diytomcat.classloader.WebappClassLoader@78d67d75, host=cn.how2j.diytomcat.catalina.Host@2ec4bc53, reloadable=true, contextFileChangeWatcher=cn.how2j.diytomcat.watcher.ContextFileChangeWatcher@76118c1f, servletContext=cn.how2j.diytomcat.http.ApplicationContext@722e1605, servletPool={}}
12 31, 2021 21:15:07 下午 cn.how2j.diytomcat.servlets.DefaultServlet service
INFO : 解析到了目标文件F:\WorkSpace\diytomcat\webapps\ROOT\not_exist.html
12 31, 2021 21:15:07 下午 cn.how2j.diytomcat.catalina.HttpProcessor execute
INFO : 开始处理请求
12 31, 2021 21:15:07 下午 cn.how2j.diytomcat.catalina.HttpProcessor execute
INFO : Context{path='/', docBase='F:\WorkSpace\diytomcat\webapps\ROOT', contextWebXmlFile=F:\WorkSpace\diytomcat\webapps\ROOT\WEB-INF\web.xml, url_servletClassName={}, url_ServletName={}, servletName_className={}, className_servletName={}, servlet_className_init_params={}, loadOnStartupServletClassNames=[], webappClassLoader=cn.how2j.diytomcat.classloader.WebappClassLoader@78d67d75, host=cn.how2j.diytomcat.catalina.Host@2ec4bc53, reloadable=true, contextFileChangeWatcher=cn.how2j.diytomcat.watcher.ContextFileChangeWatcher@76118c1f, servletContext=cn.how2j.diytomcat.http.ApplicationContext@722e1605, servletPool={}}
12 31, 2021 21:15:07 下午 cn.how2j.diytomcat.servlets.DefaultServlet service
INFO : 解析到了目标文件F:\WorkSpace\diytomcat\webapps\ROOT\logo.png
12 31, 2021 21:15:07 下午 cn.how2j.diytomcat.catalina.HttpProcessor execute
INFO : 开始处理请求
12 31, 2021 21:15:07 下午 cn.how2j.diytomcat.catalina.HttpProcessor execute
INFO : Context{path='/', docBase='F:\WorkSpace\diytomcat\webapps\ROOT', contextWebXmlFile=F:\WorkSpace\diytomcat\webapps\ROOT\WEB-INF\web.xml, url_servletClassName={}, url_ServletName={}, servletName_className={}, className_servletName={}, servlet_className_init_params={}, loadOnStartupServletClassNames=[], webappClassLoader=cn.how2j.diytomcat.classloader.WebappClassLoader@78d67d75, host=cn.how2j.diytomcat.catalina.Host@2ec4bc53, reloadable=true, contextFileChangeWatcher=cn.how2j.diytomcat.watcher.ContextFileChangeWatcher@76118c1f, servletContext=cn.how2j.diytomcat.http.ApplicationContext@722e1605, servletPool={}}
12 31, 2021 21:15:07 下午 cn.how2j.diytomcat.catalina.HttpProcessor error
ERROR: this is a deliberately created exception
java.lang.RuntimeException: this is a deliberately created exception
	at cn.how2j.diytomcat.servlets.DefaultServlet.service(DefaultServlet.java:42)
	at cn.how2j.diytomcat.catalina.HttpProcessor.execute(HttpProcessor.java:41)
	at cn.how2j.diytomcat.catalina.Connector$1.run(Connector.java:40)
	at java.util.concurrent.ThreadPoolExecutor.runWorker(ThreadPoolExecutor.java:1149)
	at java.util.concurrent.ThreadPoolExecutor$Worker.run(ThreadPoolExecutor.java:624)
	at java.lang.Thread.run(Thread.java:748)
12 31, 2021 21:15:07 下午 cn.how2j.diytomcat.catalina.HttpProcessor execute
INFO : 开始处理请求
12 31, 2021 21:15:07 下午 cn.how2j.diytomcat.catalina.HttpProcessor execute
INFO : Context{path='/javaweb', docBase='F:\WorkSpace\javaweb/web', contextWebXmlFile=F:\WorkSpace\javaweb\web\WEB-INF\web.xml, url_servletClassName={/param=cn.how2j.javaweb.ParamServlet, /header=cn.how2j.javaweb.HeaderServlet, /hello=cn.how2j.javaweb.HelloServlet, /setCookie=cn.how2j.javaweb.SetCookieServlet}, url_ServletName={/param=ParamServlet, /header=HeaderServlet, /hello=HelloServlet, /setCookie=SetCookieServlet}, servletName_className={ParamServlet=cn.how2j.javaweb.ParamServlet, HeaderServlet=cn.how2j.javaweb.HeaderServlet, SetCookieServlet=cn.how2j.javaweb.SetCookieServlet, HelloServlet=cn.how2j.javaweb.HelloServlet}, className_servletName={cn.how2j.javaweb.HeaderServlet=HeaderServlet, cn.how2j.javaweb.HelloServlet=HelloServlet, cn.how2j.javaweb.SetCookieServlet=SetCookieServlet, cn.how2j.javaweb.ParamServlet=ParamServlet}, servlet_className_init_params={cn.how2j.javaweb.HelloServlet={site=http://how2j.cn(servlet), author=how2j(servlet)}}, loadOnStartupServletClassNames=[cn.how2j.javaweb.HelloServlet], webappClassLoader=cn.how2j.diytomcat.classloader.WebappClassLoader@57829d67, host=cn.how2j.diytomcat.catalina.Host@2ec4bc53, reloadable=true, contextFileChangeWatcher=cn.how2j.diytomcat.watcher.ContextFileChangeWatcher@33866b55, servletContext=cn.how2j.diytomcat.http.ApplicationContext@3d418355, servletPool={class cn.how2j.javaweb.HelloServlet=cn.how2j.javaweb.HelloServlet@67b64c45}}
12 31, 2021 21:15:07 下午 cn.how2j.diytomcat.catalina.HttpProcessor execute
INFO : 开始处理请求
12 31, 2021 21:15:07 下午 cn.how2j.diytomcat.catalina.HttpProcessor execute
INFO : Context{path='/a', docBase='F:\WorkSpace\diytomcat\webapps\a', contextWebXmlFile=F:\WorkSpace\diytomcat\webapps\a\WEB-INF\web.xml, url_servletClassName={}, url_ServletName={}, servletName_className={}, className_servletName={}, servlet_className_init_params={}, loadOnStartupServletClassNames=[], webappClassLoader=cn.how2j.diytomcat.classloader.WebappClassLoader@6d822cc9, host=cn.how2j.diytomcat.catalina.Host@2ec4bc53, reloadable=true, contextFileChangeWatcher=cn.how2j.diytomcat.watcher.ContextFileChangeWatcher@6345df09, servletContext=cn.how2j.diytomcat.http.ApplicationContext@677a47b9, servletPool={}}
12 31, 2021 21:15:07 下午 cn.how2j.diytomcat.servlets.DefaultServlet service
INFO : 解析到了目标文件F:\WorkSpace\diytomcat\webapps\a\index.html
12 31, 2021 21:15:07 下午 cn.how2j.diytomcat.catalina.HttpProcessor execute
INFO : 开始处理请求
12 31, 2021 21:15:07 下午 cn.how2j.diytomcat.catalina.HttpProcessor execute
INFO : Context{path='/j2ee', docBase='F:\WorkSpace\diytomcat\webapps\j2ee', contextWebXmlFile=F:\WorkSpace\diytomcat\webapps\j2ee\WEB-INF\web.xml, url_servletClassName={/hello=cn.how2j.diytomcat.webappservlet.HelloServlet}, url_ServletName={/hello=HelloServlet}, servletName_className={HelloServlet=cn.how2j.diytomcat.webappservlet.HelloServlet}, className_servletName={cn.how2j.diytomcat.webappservlet.HelloServlet=HelloServlet}, servlet_className_init_params={}, loadOnStartupServletClassNames=[], webappClassLoader=cn.how2j.diytomcat.classloader.WebappClassLoader@3d42519e, host=cn.how2j.diytomcat.catalina.Host@2ec4bc53, reloadable=true, contextFileChangeWatcher=cn.how2j.diytomcat.watcher.ContextFileChangeWatcher@3385b846, servletContext=cn.how2j.diytomcat.http.ApplicationContext@37ba3aee, servletPool={}}
12 31, 2021 21:15:07 下午 cn.how2j.diytomcat.catalina.HttpProcessor execute
INFO : 开始处理请求
12 31, 2021 21:15:07 下午 cn.how2j.diytomcat.catalina.HttpProcessor execute
INFO : Context{path='/', docBase='F:\WorkSpace\diytomcat\webapps\ROOT', contextWebXmlFile=F:\WorkSpace\diytomcat\webapps\ROOT\WEB-INF\web.xml, url_servletClassName={}, url_ServletName={}, servletName_className={}, className_servletName={}, servlet_className_init_params={}, loadOnStartupServletClassNames=[], webappClassLoader=cn.how2j.diytomcat.classloader.WebappClassLoader@78d67d75, host=cn.how2j.diytomcat.catalina.Host@2ec4bc53, reloadable=true, contextFileChangeWatcher=cn.how2j.diytomcat.watcher.ContextFileChangeWatcher@76118c1f, servletContext=cn.how2j.diytomcat.http.ApplicationContext@722e1605, servletPool={}}
12 31, 2021 21:15:07 下午 cn.how2j.diytomcat.servlets.DefaultServlet service
INFO : 解析到了目标文件F:\WorkSpace\diytomcat\webapps\ROOT\index.html
12 31, 2021 21:15:07 下午 cn.how2j.diytomcat.catalina.HttpProcessor execute
INFO : 开始处理请求
12 31, 2021 21:15:07 下午 cn.how2j.diytomcat.catalina.HttpProcessor execute
INFO : Context{path='/b', docBase='F:\WorkSpace\diytomcat\b', contextWebXmlFile=F:\WorkSpace\diytomcat\b\WEB-INF\web.xml, url_servletClassName={}, url_ServletName={}, servletName_className={}, className_servletName={}, servlet_className_init_params={}, loadOnStartupServletClassNames=[], webappClassLoader=cn.how2j.diytomcat.classloader.WebappClassLoader@122d4497, host=cn.how2j.diytomcat.catalina.Host@2ec4bc53, reloadable=false, contextFileChangeWatcher=null, servletContext=cn.how2j.diytomcat.http.ApplicationContext@6a12e360, servletPool={}}
12 31, 2021 21:15:07 下午 cn.how2j.diytomcat.servlets.DefaultServlet service
INFO : 解析到了目标文件F:\WorkSpace\diytomcat\b\index.html
12 31, 2021 21:15:07 下午 cn.how2j.diytomcat.catalina.HttpProcessor execute
INFO : 开始处理请求
12 31, 2021 21:15:07 下午 cn.how2j.diytomcat.catalina.HttpProcessor execute
INFO : Context{path='/javaweb', docBase='F:\WorkSpace\javaweb/web', contextWebXmlFile=F:\WorkSpace\javaweb\web\WEB-INF\web.xml, url_servletClassName={/param=cn.how2j.javaweb.ParamServlet, /header=cn.how2j.javaweb.HeaderServlet, /hello=cn.how2j.javaweb.HelloServlet, /setCookie=cn.how2j.javaweb.SetCookieServlet}, url_ServletName={/param=ParamServlet, /header=HeaderServlet, /hello=HelloServlet, /setCookie=SetCookieServlet}, servletName_className={ParamServlet=cn.how2j.javaweb.ParamServlet, HeaderServlet=cn.how2j.javaweb.HeaderServlet, SetCookieServlet=cn.how2j.javaweb.SetCookieServlet, HelloServlet=cn.how2j.javaweb.HelloServlet}, className_servletName={cn.how2j.javaweb.HeaderServlet=HeaderServlet, cn.how2j.javaweb.HelloServlet=HelloServlet, cn.how2j.javaweb.SetCookieServlet=SetCookieServlet, cn.how2j.javaweb.ParamServlet=ParamServlet}, servlet_className_init_params={cn.how2j.javaweb.HelloServlet={site=http://how2j.cn(servlet), author=how2j(servlet)}}, loadOnStartupServletClassNames=[cn.how2j.javaweb.HelloServlet], webappClassLoader=cn.how2j.diytomcat.classloader.WebappClassLoader@57829d67, host=cn.how2j.diytomcat.catalina.Host@2ec4bc53, reloadable=true, contextFileChangeWatcher=cn.how2j.diytomcat.watcher.ContextFileChangeWatcher@33866b55, servletContext=cn.how2j.diytomcat.http.ApplicationContext@3d418355, servletPool={class cn.how2j.javaweb.HelloServlet=cn.how2j.javaweb.HelloServlet@67b64c45}}
12 31, 2021 21:15:07 下午 cn.how2j.diytomcat.catalina.HttpProcessor execute
INFO : 开始处理请求
12 31, 2021 21:15:07 下午 cn.how2j.diytomcat.catalina.HttpProcessor execute
INFO : Context{path='/javaweb', docBase='F:\WorkSpace\javaweb/web', contextWebXmlFile=F:\WorkSpace\javaweb\web\WEB-INF\web.xml, url_servletClassName={/param=cn.how2j.javaweb.ParamServlet, /header=cn.how2j.javaweb.HeaderServlet, /hello=cn.how2j.javaweb.HelloServlet, /setCookie=cn.how2j.javaweb.SetCookieServlet}, url_ServletName={/param=ParamServlet, /header=HeaderServlet, /hello=HelloServlet, /setCookie=SetCookieServlet}, servletName_className={ParamServlet=cn.how2j.javaweb.ParamServlet, HeaderServlet=cn.how2j.javaweb.HeaderServlet, SetCookieServlet=cn.how2j.javaweb.SetCookieServlet, HelloServlet=cn.how2j.javaweb.HelloServlet}, className_servletName={cn.how2j.javaweb.HeaderServlet=HeaderServlet, cn.how2j.javaweb.HelloServlet=HelloServlet, cn.how2j.javaweb.SetCookieServlet=SetCookieServlet, cn.how2j.javaweb.ParamServlet=ParamServlet}, servlet_className_init_params={cn.how2j.javaweb.HelloServlet={site=http://how2j.cn(servlet), author=how2j(servlet)}}, loadOnStartupServletClassNames=[cn.how2j.javaweb.HelloServlet], webappClassLoader=cn.how2j.diytomcat.classloader.WebappClassLoader@57829d67, host=cn.how2j.diytomcat.catalina.Host@2ec4bc53, reloadable=true, contextFileChangeWatcher=cn.how2j.diytomcat.watcher.ContextFileChangeWatcher@33866b55, servletContext=cn.how2j.diytomcat.http.ApplicationContext@3d418355, servletPool={class cn.how2j.javaweb.HelloServlet=cn.how2j.javaweb.HelloServlet@67b64c45, class cn.how2j.javaweb.ParamServlet=cn.how2j.javaweb.ParamServlet@1ec5f755}}
12 31, 2021 21:15:07 下午 cn.how2j.diytomcat.catalina.HttpProcessor execute
INFO : 开始处理请求
12 31, 2021 21:15:07 下午 cn.how2j.diytomcat.catalina.HttpProcessor execute
INFO : Context{path='/', docBase='F:\WorkSpace\diytomcat\webapps\ROOT', contextWebXmlFile=F:\WorkSpace\diytomcat\webapps\ROOT\WEB-INF\web.xml, url_servletClassName={}, url_ServletName={}, servletName_className={}, className_servletName={}, servlet_className_init_params={}, loadOnStartupServletClassNames=[], webappClassLoader=cn.how2j.diytomcat.classloader.WebappClassLoader@78d67d75, host=cn.how2j.diytomcat.catalina.Host@2ec4bc53, reloadable=true, contextFileChangeWatcher=cn.how2j.diytomcat.watcher.ContextFileChangeWatcher@76118c1f, servletContext=cn.how2j.diytomcat.http.ApplicationContext@722e1605, servletPool={}}
12 31, 2021 21:15:07 下午 cn.how2j.diytomcat.servlets.DefaultServlet service
INFO : 解析到了目标文件F:\WorkSpace\diytomcat\webapps\ROOT\a.txt
12 31, 2021 21:15:07 下午 cn.how2j.diytomcat.catalina.HttpProcessor execute
INFO : 开始处理请求
12 31, 2021 21:15:07 下午 cn.how2j.diytomcat.catalina.HttpProcessor execute
INFO : Context{path='/', docBase='F:\WorkSpace\diytomcat\webapps\ROOT', contextWebXmlFile=F:\WorkSpace\diytomcat\webapps\ROOT\WEB-INF\web.xml, url_servletClassName={}, url_ServletName={}, servletName_className={}, className_servletName={}, servlet_className_init_params={}, loadOnStartupServletClassNames=[], webappClassLoader=cn.how2j.diytomcat.classloader.WebappClassLoader@78d67d75, host=cn.how2j.diytomcat.catalina.Host@2ec4bc53, reloadable=true, contextFileChangeWatcher=cn.how2j.diytomcat.watcher.ContextFileChangeWatcher@76118c1f, servletContext=cn.how2j.diytomcat.http.ApplicationContext@722e1605, servletPool={}}
12 31, 2021 21:15:07 下午 cn.how2j.diytomcat.servlets.DefaultServlet service
INFO : 解析到了目标文件F:\WorkSpace\diytomcat\webapps\ROOT\etf.pdf
12 31, 2021 21:15:07 下午 cn.how2j.diytomcat.catalina.HttpProcessor execute
INFO : 开始处理请求
12 31, 2021 21:15:07 下午 cn.how2j.diytomcat.catalina.HttpProcessor execute
INFO : Context{path='/javaweb', docBase='F:\WorkSpace\javaweb/web', contextWebXmlFile=F:\WorkSpace\javaweb\web\WEB-INF\web.xml, url_servletClassName={/param=cn.how2j.javaweb.ParamServlet, /header=cn.how2j.javaweb.HeaderServlet, /hello=cn.how2j.javaweb.HelloServlet, /setCookie=cn.how2j.javaweb.SetCookieServlet}, url_ServletName={/param=ParamServlet, /header=HeaderServlet, /hello=HelloServlet, /setCookie=SetCookieServlet}, servletName_className={ParamServlet=cn.how2j.javaweb.ParamServlet, HeaderServlet=cn.how2j.javaweb.HeaderServlet, SetCookieServlet=cn.how2j.javaweb.SetCookieServlet, HelloServlet=cn.how2j.javaweb.HelloServlet}, className_servletName={cn.how2j.javaweb.HeaderServlet=HeaderServlet, cn.how2j.javaweb.HelloServlet=HelloServlet, cn.how2j.javaweb.SetCookieServlet=SetCookieServlet, cn.how2j.javaweb.ParamServlet=ParamServlet}, servlet_className_init_params={cn.how2j.javaweb.HelloServlet={site=http://how2j.cn(servlet), author=how2j(servlet)}}, loadOnStartupServletClassNames=[cn.how2j.javaweb.HelloServlet], webappClassLoader=cn.how2j.diytomcat.classloader.WebappClassLoader@57829d67, host=cn.how2j.diytomcat.catalina.Host@2ec4bc53, reloadable=true, contextFileChangeWatcher=cn.how2j.diytomcat.watcher.ContextFileChangeWatcher@33866b55, servletContext=cn.how2j.diytomcat.http.ApplicationContext@3d418355, servletPool={class cn.how2j.javaweb.HelloServlet=cn.how2j.javaweb.HelloServlet@67b64c45, class cn.how2j.javaweb.ParamServlet=cn.how2j.javaweb.ParamServlet@1ec5f755}}
12 31, 2021 21:15:07 下午 cn.how2j.diytomcat.catalina.HttpProcessor execute
INFO : 开始处理请求
12 31, 2021 21:15:07 下午 cn.how2j.diytomcat.catalina.HttpProcessor execute
INFO : 开始处理请求
12 31, 2021 21:15:07 下午 cn.how2j.diytomcat.catalina.HttpProcessor execute
INFO : 开始处理请求
12 31, 2021 21:15:07 下午 cn.how2j.diytomcat.catalina.HttpProcessor execute
INFO : Context{path='/', docBase='F:\WorkSpace\diytomcat\webapps\ROOT', contextWebXmlFile=F:\WorkSpace\diytomcat\webapps\ROOT\WEB-INF\web.xml, url_servletClassName={}, url_ServletName={}, servletName_className={}, className_servletName={}, servlet_className_init_params={}, loadOnStartupServletClassNames=[], webappClassLoader=cn.how2j.diytomcat.classloader.WebappClassLoader@78d67d75, host=cn.how2j.diytomcat.catalina.Host@2ec4bc53, reloadable=true, contextFileChangeWatcher=cn.how2j.diytomcat.watcher.ContextFileChangeWatcher@76118c1f, servletContext=cn.how2j.diytomcat.http.ApplicationContext@722e1605, servletPool={}}
12 31, 2021 21:15:07 下午 cn.how2j.diytomcat.catalina.HttpProcessor execute
INFO : Context{path='/', docBase='F:\WorkSpace\diytomcat\webapps\ROOT', contextWebXmlFile=F:\WorkSpace\diytomcat\webapps\ROOT\WEB-INF\web.xml, url_servletClassName={}, url_ServletName={}, servletName_className={}, className_servletName={}, servlet_className_init_params={}, loadOnStartupServletClassNames=[], webappClassLoader=cn.how2j.diytomcat.classloader.WebappClassLoader@78d67d75, host=cn.how2j.diytomcat.catalina.Host@2ec4bc53, reloadable=true, contextFileChangeWatcher=cn.how2j.diytomcat.watcher.ContextFileChangeWatcher@76118c1f, servletContext=cn.how2j.diytomcat.http.ApplicationContext@722e1605, servletPool={}}
12 31, 2021 21:15:07 下午 cn.how2j.diytomcat.servlets.DefaultServlet service
INFO : 解析到了目标文件F:\WorkSpace\diytomcat\webapps\ROOT\timeConsume.html
12 31, 2021 21:15:07 下午 cn.how2j.diytomcat.catalina.HttpProcessor execute
INFO : Context{path='/', docBase='F:\WorkSpace\diytomcat\webapps\ROOT', contextWebXmlFile=F:\WorkSpace\diytomcat\webapps\ROOT\WEB-INF\web.xml, url_servletClassName={}, url_ServletName={}, servletName_className={}, className_servletName={}, servlet_className_init_params={}, loadOnStartupServletClassNames=[], webappClassLoader=cn.how2j.diytomcat.classloader.WebappClassLoader@78d67d75, host=cn.how2j.diytomcat.catalina.Host@2ec4bc53, reloadable=true, contextFileChangeWatcher=cn.how2j.diytomcat.watcher.ContextFileChangeWatcher@76118c1f, servletContext=cn.how2j.diytomcat.http.ApplicationContext@722e1605, servletPool={}}
12 31, 2021 21:15:07 下午 cn.how2j.diytomcat.servlets.DefaultServlet service
INFO : 解析到了目标文件F:\WorkSpace\diytomcat\webapps\ROOT\timeConsume.html
12 31, 2021 21:15:07 下午 cn.how2j.diytomcat.servlets.DefaultServlet service
INFO : 解析到了目标文件F:\WorkSpace\diytomcat\webapps\ROOT\timeConsume.html
12 31, 2021 21:15:08 下午 cn.how2j.diytomcat.catalina.HttpProcessor execute
INFO : 开始处理请求
12 31, 2021 21:15:08 下午 cn.how2j.diytomcat.catalina.HttpProcessor execute
INFO : Context{path='/javaweb', docBase='F:\WorkSpace\javaweb/web', contextWebXmlFile=F:\WorkSpace\javaweb\web\WEB-INF\web.xml, url_servletClassName={/param=cn.how2j.javaweb.ParamServlet, /header=cn.how2j.javaweb.HeaderServlet, /hello=cn.how2j.javaweb.HelloServlet, /setCookie=cn.how2j.javaweb.SetCookieServlet}, url_ServletName={/param=ParamServlet, /header=HeaderServlet, /hello=HelloServlet, /setCookie=SetCookieServlet}, servletName_className={ParamServlet=cn.how2j.javaweb.ParamServlet, HeaderServlet=cn.how2j.javaweb.HeaderServlet, SetCookieServlet=cn.how2j.javaweb.SetCookieServlet, HelloServlet=cn.how2j.javaweb.HelloServlet}, className_servletName={cn.how2j.javaweb.HeaderServlet=HeaderServlet, cn.how2j.javaweb.HelloServlet=HelloServlet, cn.how2j.javaweb.SetCookieServlet=SetCookieServlet, cn.how2j.javaweb.ParamServlet=ParamServlet}, servlet_className_init_params={cn.how2j.javaweb.HelloServlet={site=http://how2j.cn(servlet), author=how2j(servlet)}}, loadOnStartupServletClassNames=[cn.how2j.javaweb.HelloServlet], webappClassLoader=cn.how2j.diytomcat.classloader.WebappClassLoader@57829d67, host=cn.how2j.diytomcat.catalina.Host@2ec4bc53, reloadable=true, contextFileChangeWatcher=cn.how2j.diytomcat.watcher.ContextFileChangeWatcher@33866b55, servletContext=cn.how2j.diytomcat.http.ApplicationContext@3d418355, servletPool={class cn.how2j.javaweb.HelloServlet=cn.how2j.javaweb.HelloServlet@67b64c45, class cn.how2j.javaweb.ParamServlet=cn.how2j.javaweb.ParamServlet@1ec5f755, class cn.how2j.javaweb.HeaderServlet=cn.how2j.javaweb.HeaderServlet@4d83fcf5}}
12 31, 2021 21:15:08 下午 cn.how2j.diytomcat.catalina.HttpProcessor execute
INFO : 开始处理请求
12 31, 2021 21:15:08 下午 cn.how2j.diytomcat.catalina.HttpProcessor execute
INFO : Context{path='/javaweb', docBase='F:\WorkSpace\javaweb/web', contextWebXmlFile=F:\WorkSpace\javaweb\web\WEB-INF\web.xml, url_servletClassName={/param=cn.how2j.javaweb.ParamServlet, /header=cn.how2j.javaweb.HeaderServlet, /hello=cn.how2j.javaweb.HelloServlet, /setCookie=cn.how2j.javaweb.SetCookieServlet}, url_ServletName={/param=ParamServlet, /header=HeaderServlet, /hello=HelloServlet, /setCookie=SetCookieServlet}, servletName_className={ParamServlet=cn.how2j.javaweb.ParamServlet, HeaderServlet=cn.how2j.javaweb.HeaderServlet, SetCookieServlet=cn.how2j.javaweb.SetCookieServlet, HelloServlet=cn.how2j.javaweb.HelloServlet}, className_servletName={cn.how2j.javaweb.HeaderServlet=HeaderServlet, cn.how2j.javaweb.HelloServlet=HelloServlet, cn.how2j.javaweb.SetCookieServlet=SetCookieServlet, cn.how2j.javaweb.ParamServlet=ParamServlet}, servlet_className_init_params={cn.how2j.javaweb.HelloServlet={site=http://how2j.cn(servlet), author=how2j(servlet)}}, loadOnStartupServletClassNames=[cn.how2j.javaweb.HelloServlet], webappClassLoader=cn.how2j.diytomcat.classloader.WebappClassLoader@57829d67, host=cn.how2j.diytomcat.catalina.Host@2ec4bc53, reloadable=true, contextFileChangeWatcher=cn.how2j.diytomcat.watcher.ContextFileChangeWatcher@33866b55, servletContext=cn.how2j.diytomcat.http.ApplicationContext@3d418355, servletPool={class cn.how2j.javaweb.HelloServlet=cn.how2j.javaweb.HelloServlet@67b64c45, class cn.how2j.javaweb.ParamServlet=cn.how2j.javaweb.ParamServlet@1ec5f755, class cn.how2j.javaweb.HeaderServlet=cn.how2j.javaweb.HeaderServlet@4d83fcf5}}
